<?xml version="1.0" encoding="UTF-8"?>
<!-- Generated by org.testng.reporters.JUnitXMLReporter -->
<testsuite ignored="0" hostname="RamAmirneni" failures="0" tests="6" name="Test" time="108.74" errors="0" timestamp="2024-10-14T13:28:42 IST">
  <testcase classname="com.TestCases.TC_02_SearchHotelTest" name="SearchHotelTest" time="3.076"/>
  <testcase classname="com.TestCases.TC_04_BookAHotelTest" name="SearchHotelTest" time="5.646"/>
  <testcase classname="com.TestCases.TC_05_BookingConfirmationTest" name="BookingConfirmationTest" time="13.222"/>
  <testcase classname="com.TestCases.TC_03_SelectHotelTest" name="SearchHotelTest" time="4.461"/>
  <testcase classname="com.TestCases.TC_01_LoginTest" name="LoginTest" time="6.014"/>
  <testcase classname="com.TestCases.TC_06_BookedItineryTest" name="BookedItineryTest" time="14.605"/>
</testsuite> <!-- Test -->
