<?xml version="1.0" encoding="UTF-8"?>
<!-- Generated by org.testng.reporters.JUnitXMLReporter -->
<testsuite ignored="0" hostname="RamAmirneni" failures="1" tests="1" name="Test" time="26.42" errors="0" timestamp="2024-10-14T13:32:39 IST">
  <testcase classname="com.Luma_TestCases.TC_01_Luma_Registration" name="LumaRegistrationtest" time="9.121">
    <failure type="java.lang.AssertionError" message="expected [true] but found [false]">
      <![CDATA[java.lang.AssertionError: expected [true] but found [false]
at com.Luma_TestCases.TC_01_Luma_Registration.LumaRegistrationtest(TC_01_Luma_Registration.java:59)
at java.base/java.util.ArrayList.forEach(ArrayList.java:1511)
... Removed 31 stack frames]]>
    </failure>
  </testcase> <!-- LumaRegistrationtest -->
</testsuite> <!-- Test -->
